<?xml version="1.0" encoding="UTF-8"?>
<!-- Generated by org.testng.reporters.JUnitReportReporter -->
<testsuite hostname="DESKTOP-6MCO3NS" failures="0" tests="4" name="com.qa.opencart.tests.RegistrationPageTest" time="54.443" errors="0" timestamp="2024-02-06T12:44:03 IST" skipped="0">
  <testcase classname="com.qa.opencart.tests.RegistrationPageTest" name="userRegTest" time="16.477"/>
  <testcase classname="com.qa.opencart.tests.RegistrationPageTest" name="userRegTest" time="11.844"/>
  <testcase classname="com.qa.opencart.tests.RegistrationPageTest" name="userRegTest" time="11.119"/>
  <testcase classname="com.qa.opencart.tests.RegistrationPageTest" name="userRegTest" time="15.003"/>
</testsuite> <!-- com.qa.opencart.tests.RegistrationPageTest -->
