<?xml version="1.0" encoding="UTF-8"?>
<!-- Generated by org.testng.reporters.JUnitReportReporter -->
<testsuite hostname="DESKTOP-6MCO3NS" failures="0" tests="4" name="com.qa.opencart.tests.RegistrationPageTest" time="58.751" errors="0" timestamp="2024-01-24T08:53:31 IST" skipped="0">
  <testcase classname="com.qa.opencart.tests.RegistrationPageTest" name="userRegTest" time="14.827"/>
  <testcase classname="com.qa.opencart.tests.RegistrationPageTest" name="userRegTest" time="12.986"/>
  <testcase classname="com.qa.opencart.tests.RegistrationPageTest" name="userRegTest" time="14.691"/>
  <testcase classname="com.qa.opencart.tests.RegistrationPageTest" name="userRegTest" time="16.247"/>
</testsuite> <!-- com.qa.opencart.tests.RegistrationPageTest -->
