<?xml version="1.0" encoding="UTF-8"?>
<!-- Generated by org.testng.reporters.JUnitReportReporter -->
<testsuite hostname="DESKTOP-6MCO3NS" failures="0" tests="4" name="com.qa.opencart.tests.LoginPageTest" time="4.425" errors="0" timestamp="2024-02-05T16:20:16 IST" skipped="0">
  <testcase classname="com.qa.opencart.tests.LoginPageTest" name="loginPageTitleTest" time="0.039"/>
  <testcase classname="com.qa.opencart.tests.LoginPageTest" name="loginPageUrlTest" time="0.024"/>
  <testcase classname="com.qa.opencart.tests.LoginPageTest" name="forgotpassLinkExistTest" time="0.123"/>
  <testcase classname="com.qa.opencart.tests.LoginPageTest" name="loginTest" time="4.239"/>
</testsuite> <!-- com.qa.opencart.tests.LoginPageTest -->
