<?xml version="1.0" encoding="UTF-8"?>
<!-- Generated by org.testng.reporters.JUnitReportReporter -->
<testsuite hostname="DESKTOP-6MCO3NS" failures="0" tests="4" name="com.qa.opencart.tests.RegistrationPageTest" time="61.736" errors="0" timestamp="2024-01-29T08:55:12 IST" skipped="0">
  <testcase classname="com.qa.opencart.tests.RegistrationPageTest" name="userRegTest" time="11.891"/>
  <testcase classname="com.qa.opencart.tests.RegistrationPageTest" name="userRegTest" time="16.773"/>
  <testcase classname="com.qa.opencart.tests.RegistrationPageTest" name="userRegTest" time="15.620"/>
  <testcase classname="com.qa.opencart.tests.RegistrationPageTest" name="userRegTest" time="17.452"/>
</testsuite> <!-- com.qa.opencart.tests.RegistrationPageTest -->
