<?xml version="1.0" encoding="UTF-8"?>
<!-- Generated by org.testng.reporters.JUnitReportReporter -->
<testsuite hostname="DESKTOP-6MCO3NS" failures="0" tests="4" name="com.qa.opencart.tests.RegistrationPageTest" time="51.869" errors="0" timestamp="2024-01-19T17:09:44 IST" skipped="0">
  <testcase classname="com.qa.opencart.tests.RegistrationPageTest" name="userRegTest" time="12.446"/>
  <system-out/>
  <testcase classname="com.qa.opencart.tests.RegistrationPageTest" name="userRegTest" time="11.659"/>
  <system-out/>
  <testcase classname="com.qa.opencart.tests.RegistrationPageTest" name="userRegTest" time="13.141"/>
  <system-out/>
  <testcase classname="com.qa.opencart.tests.RegistrationPageTest" name="userRegTest" time="14.623"/>
  <system-out/>
</testsuite> <!-- com.qa.opencart.tests.RegistrationPageTest -->
