<?xml version="1.0" encoding="UTF-8"?>
<!-- Generated by org.testng.reporters.JUnitReportReporter -->
<testsuite hostname="DESKTOP-6MCO3NS" failures="0" tests="4" name="com.qa.opencart.tests.RegistrationPageTest" time="55.381" errors="0" timestamp="2024-01-23T11:21:36 IST" skipped="0">
  <testcase classname="com.qa.opencart.tests.RegistrationPageTest" name="userRegTest" time="12.463"/>
  <testcase classname="com.qa.opencart.tests.RegistrationPageTest" name="userRegTest" time="15.634"/>
  <testcase classname="com.qa.opencart.tests.RegistrationPageTest" name="userRegTest" time="14.843"/>
  <testcase classname="com.qa.opencart.tests.RegistrationPageTest" name="userRegTest" time="12.441"/>
</testsuite> <!-- com.qa.opencart.tests.RegistrationPageTest -->
