<?xml version="1.0" encoding="UTF-8"?>
<!-- Generated by org.testng.reporters.JUnitReportReporter -->
<testsuite hostname="DESKTOP-6MCO3NS" failures="0" tests="4" name="com.qa.opencart.tests.RegistrationPageTest" time="74.745" errors="0" timestamp="2024-02-12T10:34:40 IST" skipped="0">
  <testcase classname="com.qa.opencart.tests.RegistrationPageTest" name="userRegTest" time="19.305"/>
  <system-out/>
  <testcase classname="com.qa.opencart.tests.RegistrationPageTest" name="userRegTest" time="20.232"/>
  <system-out/>
  <testcase classname="com.qa.opencart.tests.RegistrationPageTest" name="userRegTest" time="17.310"/>
  <system-out/>
  <testcase classname="com.qa.opencart.tests.RegistrationPageTest" name="userRegTest" time="17.898"/>
  <system-out/>
</testsuite> <!-- com.qa.opencart.tests.RegistrationPageTest -->
