<?xml version="1.0" encoding="UTF-8"?>
<!-- Generated by org.testng.reporters.JUnitReportReporter -->
<testsuite hostname="DESKTOP-6MCO3NS" failures="0" tests="4" name="com.qa.opencart.tests.LoginPageTest" time="5.297" errors="0" timestamp="2024-01-23T11:21:36 IST" skipped="0">
  <testcase classname="com.qa.opencart.tests.LoginPageTest" name="loginPageTitleTest" time="0.287"/>
  <testcase classname="com.qa.opencart.tests.LoginPageTest" name="loginPageUrlTest" time="0.052"/>
  <testcase classname="com.qa.opencart.tests.LoginPageTest" name="forgotpassLinkExistTest" time="0.165"/>
  <testcase classname="com.qa.opencart.tests.LoginPageTest" name="loginTest" time="4.793"/>
</testsuite> <!-- com.qa.opencart.tests.LoginPageTest -->
