<?xml version="1.0" encoding="UTF-8"?>
<!-- Generated by org.testng.reporters.JUnitReportReporter -->
<testsuite hostname="DESKTOP-6MCO3NS" failures="0" tests="4" name="com.qa.opencart.tests.RegistrationPageTest" time="65.695" errors="0" timestamp="2024-02-05T08:44:52 IST" skipped="0">
  <testcase classname="com.qa.opencart.tests.RegistrationPageTest" name="userRegTest" time="15.440"/>
  <testcase classname="com.qa.opencart.tests.RegistrationPageTest" name="userRegTest" time="18.717"/>
  <testcase classname="com.qa.opencart.tests.RegistrationPageTest" name="userRegTest" time="16.180"/>
  <testcase classname="com.qa.opencart.tests.RegistrationPageTest" name="userRegTest" time="15.358"/>
</testsuite> <!-- com.qa.opencart.tests.RegistrationPageTest -->
